<?xml version="1.0" encoding="UTF-8"?>
<testng-results retried="2" ignored="2" total="9" passed="4" failed="1" skipped="0">
  <reporter-output>
  </reporter-output>
  <suite started-at="2024-08-28T21:51:57 IST" name="Suite" finished-at="2024-08-28T21:52:50 IST" duration-ms="52695">
    <groups>
      <group name="Regression">
        <method signature="LoginTest.verifyTheUserIsAbleToLoginUsingvalidCredentials()[pri:0, instance:testscript.LoginTest@782859e]" name="verifyTheUserIsAbleToLoginUsingvalidCredentials" class="testscript.LoginTest"/>
      </group> <!-- Regression -->
    </groups>
    <test started-at="2024-08-28T21:51:57 IST" name="TestNG.xml" finished-at="2024-08-28T21:52:50 IST" duration-ms="52695">
      <class name="testscript.ManageSubCategoryTest">
        <test-method is-config="true" signature="intializeBrowser(java.lang.String)[pri:0, instance:testscript.ManageSubCategoryTest@169bb4dd]" started-at="2024-08-28T21:52:43 IST" name="intializeBrowser" finished-at="2024-08-28T21:52:46 IST" duration-ms="3665" status="PASS">
          <params>
            <param index="0">
              <value>
                <![CDATA[Chrome]]>
              </value>
            </param>
          </params>
          <reporter-output>
          </reporter-output>
        </test-method> <!-- intializeBrowser -->
        <test-method signature="VerifyWhetherUserIsAbleToUpdateActiveDetails()[pri:0, instance:testscript.ManageSubCategoryTest@169bb4dd]" started-at="2024-08-28T21:52:46 IST" name="VerifyWhetherUserIsAbleToUpdateActiveDetails" finished-at="2024-08-28T21:52:49 IST" duration-ms="2720" status="PASS">
          <reporter-output>
          </reporter-output>
        </test-method> <!-- VerifyWhetherUserIsAbleToUpdateActiveDetails -->
        <test-method is-config="true" signature="browserQuit(org.testng.ITestResult)[pri:0, instance:testscript.ManageSubCategoryTest@169bb4dd]" started-at="2024-08-28T21:52:49 IST" name="browserQuit" finished-at="2024-08-28T21:52:50 IST" duration-ms="590" status="PASS">
          <params>
            <param index="0">
              <value>
                <![CDATA[[TestResult name=VerifyWhetherUserIsAbleToUpdateActiveDetails status=SUCCESS method=ManageSubCategoryTest.VerifyWhetherUserIsAbleToUpdateActiveDetails()[pri:0, instance:testscript.ManageSubCategoryTest@169bb4dd] output={null}]]]>
              </value>
            </param>
          </params>
          <reporter-output>
          </reporter-output>
        </test-method> <!-- browserQuit -->
      </class> <!-- testscript.ManageSubCategoryTest -->
      <class name="testscript.LoginTest">
        <test-method is-config="true" signature="intializeBrowser(java.lang.String)[pri:0, instance:testscript.LoginTest@782859e]" started-at="2024-08-28T21:51:57 IST" name="intializeBrowser" finished-at="2024-08-28T21:52:06 IST" duration-ms="8779" status="PASS">
          <params>
            <param index="0">
              <value>
                <![CDATA[Chrome]]>
              </value>
            </param>
          </params>
          <reporter-output>
          </reporter-output>
        </test-method> <!-- intializeBrowser -->
        <test-method retried="true" signature="verifyTheUserIsAbleToLoginUsinginvalidCredentials()[pri:0, instance:testscript.LoginTest@782859e]" started-at="2024-08-28T21:52:06 IST" name="verifyTheUserIsAbleToLoginUsinginvalidCredentials" description="verify that user is not able to login with invalid credential" finished-at="2024-08-28T21:52:08 IST" duration-ms="2207" status="SKIP">
          <exception class="java.lang.NullPointerException">
            <message>
              <![CDATA[Cannot invoke "org.apache.poi.ss.usermodel.Cell.getStringCellValue()" because "c" is null]]>
            </message>
            <full-stacktrace>
              <![CDATA[java.lang.NullPointerException: Cannot invoke "org.apache.poi.ss.usermodel.Cell.getStringCellValue()" because "c" is null
at utilities.ExcelUtility.getStringData(ExcelUtility.java:25)
at testscript.LoginTest.verifyTheUserIsAbleToLoginUsinginvalidCredentials(LoginTest.java:34)
at java.base/jdk.internal.reflect.NativeMethodAccessorImpl.invoke0(Native Method)
at java.base/jdk.internal.reflect.NativeMethodAccessorImpl.invoke(NativeMethodAccessorImpl.java:77)
at java.base/jdk.internal.reflect.DelegatingMethodAccessorImpl.invoke(DelegatingMethodAccessorImpl.java:43)
at java.base/java.lang.reflect.Method.invoke(Method.java:568)
at org.testng.internal.invokers.MethodInvocationHelper.invokeMethod(MethodInvocationHelper.java:139)
at org.testng.internal.invokers.TestInvoker.invokeMethod(TestInvoker.java:664)
at org.testng.internal.invokers.TestInvoker.invokeTestMethod(TestInvoker.java:227)
at org.testng.internal.invokers.MethodRunner.runInSequence(MethodRunner.java:50)
at org.testng.internal.invokers.TestInvoker$MethodInvocationAgent.invoke(TestInvoker.java:957)
at org.testng.internal.invokers.TestInvoker.invokeTestMethods(TestInvoker.java:200)
at org.testng.internal.invokers.TestMethodWorker.invokeTestMethods(TestMethodWorker.java:148)
at org.testng.internal.invokers.TestMethodWorker.run(TestMethodWorker.java:128)
at java.base/java.util.ArrayList.forEach(ArrayList.java:1511)
at org.testng.TestRunner.privateRun(TestRunner.java:848)
at org.testng.TestRunner.run(TestRunner.java:621)
at org.testng.SuiteRunner.runTest(SuiteRunner.java:443)
at org.testng.SuiteRunner.runSequentially(SuiteRunner.java:437)
at org.testng.SuiteRunner.privateRun(SuiteRunner.java:397)
at org.testng.SuiteRunner.run(SuiteRunner.java:336)
at org.testng.SuiteRunnerWorker.runSuite(SuiteRunnerWorker.java:52)
at org.testng.SuiteRunnerWorker.run(SuiteRunnerWorker.java:95)
at org.testng.TestNG.runSuitesSequentially(TestNG.java:1280)
at org.testng.TestNG.runSuitesLocally(TestNG.java:1200)
at org.testng.TestNG.runSuites(TestNG.java:1114)
at org.testng.TestNG.run(TestNG.java:1082)
at org.testng.remote.AbstractRemoteTestNG.run(AbstractRemoteTestNG.java:115)
at org.testng.remote.RemoteTestNG.initAndRun(RemoteTestNG.java:293)
at org.testng.remote.RemoteTestNG.main(RemoteTestNG.java:91)
]]>
            </full-stacktrace>
          </exception> <!-- java.lang.NullPointerException -->
          <reporter-output>
          </reporter-output>
        </test-method> <!-- verifyTheUserIsAbleToLoginUsinginvalidCredentials -->
        <test-method is-config="true" signature="browserQuit(org.testng.ITestResult)[pri:0, instance:testscript.LoginTest@782859e]" started-at="2024-08-28T21:52:08 IST" name="browserQuit" finished-at="2024-08-28T21:52:09 IST" duration-ms="995" status="PASS">
          <params>
            <param index="0">
              <value>
                <![CDATA[[TestResult name=verifyTheUserIsAbleToLoginUsinginvalidCredentials status=SKIP method=LoginTest.verifyTheUserIsAbleToLoginUsinginvalidCredentials()[pri:0, instance:testscript.LoginTest@782859e] output={null}]]]>
              </value>
            </param>
          </params>
          <reporter-output>
          </reporter-output>
        </test-method> <!-- browserQuit -->
        <test-method is-config="true" signature="intializeBrowser(java.lang.String)[pri:0, instance:testscript.LoginTest@782859e]" started-at="2024-08-28T21:52:09 IST" name="intializeBrowser" finished-at="2024-08-28T21:52:14 IST" duration-ms="4462" status="PASS">
          <params>
            <param index="0">
              <value>
                <![CDATA[Chrome]]>
              </value>
            </param>
          </params>
          <reporter-output>
          </reporter-output>
        </test-method> <!-- intializeBrowser -->
        <test-method retried="true" signature="verifyTheUserIsAbleToLoginUsinginvalidCredentials()[pri:0, instance:testscript.LoginTest@782859e]" started-at="2024-08-28T21:52:14 IST" name="verifyTheUserIsAbleToLoginUsinginvalidCredentials" description="verify that user is not able to login with invalid credential" finished-at="2024-08-28T21:52:14 IST" duration-ms="461" status="SKIP">
          <exception class="java.lang.NullPointerException">
            <message>
              <![CDATA[Cannot invoke "org.apache.poi.ss.usermodel.Cell.getStringCellValue()" because "c" is null]]>
            </message>
            <full-stacktrace>
              <![CDATA[java.lang.NullPointerException: Cannot invoke "org.apache.poi.ss.usermodel.Cell.getStringCellValue()" because "c" is null
at utilities.ExcelUtility.getStringData(ExcelUtility.java:25)
at testscript.LoginTest.verifyTheUserIsAbleToLoginUsinginvalidCredentials(LoginTest.java:34)
at java.base/jdk.internal.reflect.NativeMethodAccessorImpl.invoke0(Native Method)
at java.base/jdk.internal.reflect.NativeMethodAccessorImpl.invoke(NativeMethodAccessorImpl.java:77)
at java.base/jdk.internal.reflect.DelegatingMethodAccessorImpl.invoke(DelegatingMethodAccessorImpl.java:43)
at java.base/java.lang.reflect.Method.invoke(Method.java:568)
at org.testng.internal.invokers.MethodInvocationHelper.invokeMethod(MethodInvocationHelper.java:139)
at org.testng.internal.invokers.TestInvoker.invokeMethod(TestInvoker.java:664)
at org.testng.internal.invokers.TestInvoker.retryFailed(TestInvoker.java:248)
at org.testng.internal.invokers.MethodRunner.runInSequence(MethodRunner.java:62)
at org.testng.internal.invokers.TestInvoker$MethodInvocationAgent.invoke(TestInvoker.java:957)
at org.testng.internal.invokers.TestInvoker.invokeTestMethods(TestInvoker.java:200)
at org.testng.internal.invokers.TestMethodWorker.invokeTestMethods(TestMethodWorker.java:148)
at org.testng.internal.invokers.TestMethodWorker.run(TestMethodWorker.java:128)
at java.base/java.util.ArrayList.forEach(ArrayList.java:1511)
at org.testng.TestRunner.privateRun(TestRunner.java:848)
at org.testng.TestRunner.run(TestRunner.java:621)
at org.testng.SuiteRunner.runTest(SuiteRunner.java:443)
at org.testng.SuiteRunner.runSequentially(SuiteRunner.java:437)
at org.testng.SuiteRunner.privateRun(SuiteRunner.java:397)
at org.testng.SuiteRunner.run(SuiteRunner.java:336)
at org.testng.SuiteRunnerWorker.runSuite(SuiteRunnerWorker.java:52)
at org.testng.SuiteRunnerWorker.run(SuiteRunnerWorker.java:95)
at org.testng.TestNG.runSuitesSequentially(TestNG.java:1280)
at org.testng.TestNG.runSuitesLocally(TestNG.java:1200)
at org.testng.TestNG.runSuites(TestNG.java:1114)
at org.testng.TestNG.run(TestNG.java:1082)
at org.testng.remote.AbstractRemoteTestNG.run(AbstractRemoteTestNG.java:115)
at org.testng.remote.RemoteTestNG.initAndRun(RemoteTestNG.java:293)
at org.testng.remote.RemoteTestNG.main(RemoteTestNG.java:91)
]]>
            </full-stacktrace>
          </exception> <!-- java.lang.NullPointerException -->
          <reporter-output>
          </reporter-output>
        </test-method> <!-- verifyTheUserIsAbleToLoginUsinginvalidCredentials -->
        <test-method is-config="true" signature="browserQuit(org.testng.ITestResult)[pri:0, instance:testscript.LoginTest@782859e]" started-at="2024-08-28T21:52:14 IST" name="browserQuit" finished-at="2024-08-28T21:52:15 IST" duration-ms="662" status="PASS">
          <params>
            <param index="0">
              <value>
                <![CDATA[[TestResult name=verifyTheUserIsAbleToLoginUsinginvalidCredentials status=SKIP method=LoginTest.verifyTheUserIsAbleToLoginUsinginvalidCredentials()[pri:0, instance:testscript.LoginTest@782859e] output={null}]]]>
              </value>
            </param>
          </params>
          <reporter-output>
          </reporter-output>
        </test-method> <!-- browserQuit -->
        <test-method is-config="true" signature="intializeBrowser(java.lang.String)[pri:0, instance:testscript.LoginTest@782859e]" started-at="2024-08-28T21:52:15 IST" name="intializeBrowser" finished-at="2024-08-28T21:52:22 IST" duration-ms="7054" status="PASS">
          <params>
            <param index="0">
              <value>
                <![CDATA[Chrome]]>
              </value>
            </param>
          </params>
          <reporter-output>
          </reporter-output>
        </test-method> <!-- intializeBrowser -->
        <test-method signature="verifyTheUserIsAbleToLoginUsinginvalidCredentials()[pri:0, instance:testscript.LoginTest@782859e]" started-at="2024-08-28T21:52:22 IST" name="verifyTheUserIsAbleToLoginUsinginvalidCredentials" description="verify that user is not able to login with invalid credential" finished-at="2024-08-28T21:52:22 IST" duration-ms="367" status="FAIL">
          <exception class="java.lang.NullPointerException">
            <message>
              <![CDATA[Cannot invoke "org.apache.poi.ss.usermodel.Cell.getStringCellValue()" because "c" is null]]>
            </message>
            <full-stacktrace>
              <![CDATA[java.lang.NullPointerException: Cannot invoke "org.apache.poi.ss.usermodel.Cell.getStringCellValue()" because "c" is null
at utilities.ExcelUtility.getStringData(ExcelUtility.java:25)
at testscript.LoginTest.verifyTheUserIsAbleToLoginUsinginvalidCredentials(LoginTest.java:34)
at java.base/jdk.internal.reflect.NativeMethodAccessorImpl.invoke0(Native Method)
at java.base/jdk.internal.reflect.NativeMethodAccessorImpl.invoke(NativeMethodAccessorImpl.java:77)
at java.base/jdk.internal.reflect.DelegatingMethodAccessorImpl.invoke(DelegatingMethodAccessorImpl.java:43)
at java.base/java.lang.reflect.Method.invoke(Method.java:568)
at org.testng.internal.invokers.MethodInvocationHelper.invokeMethod(MethodInvocationHelper.java:139)
at org.testng.internal.invokers.TestInvoker.invokeMethod(TestInvoker.java:664)
at org.testng.internal.invokers.TestInvoker.retryFailed(TestInvoker.java:248)
at org.testng.internal.invokers.MethodRunner.runInSequence(MethodRunner.java:62)
at org.testng.internal.invokers.TestInvoker$MethodInvocationAgent.invoke(TestInvoker.java:957)
at org.testng.internal.invokers.TestInvoker.invokeTestMethods(TestInvoker.java:200)
at org.testng.internal.invokers.TestMethodWorker.invokeTestMethods(TestMethodWorker.java:148)
at org.testng.internal.invokers.TestMethodWorker.run(TestMethodWorker.java:128)
at java.base/java.util.ArrayList.forEach(ArrayList.java:1511)
at org.testng.TestRunner.privateRun(TestRunner.java:848)
at org.testng.TestRunner.run(TestRunner.java:621)
at org.testng.SuiteRunner.runTest(SuiteRunner.java:443)
at org.testng.SuiteRunner.runSequentially(SuiteRunner.java:437)
at org.testng.SuiteRunner.privateRun(SuiteRunner.java:397)
at org.testng.SuiteRunner.run(SuiteRunner.java:336)
at org.testng.SuiteRunnerWorker.runSuite(SuiteRunnerWorker.java:52)
at org.testng.SuiteRunnerWorker.run(SuiteRunnerWorker.java:95)
at org.testng.TestNG.runSuitesSequentially(TestNG.java:1280)
at org.testng.TestNG.runSuitesLocally(TestNG.java:1200)
at org.testng.TestNG.runSuites(TestNG.java:1114)
at org.testng.TestNG.run(TestNG.java:1082)
at org.testng.remote.AbstractRemoteTestNG.run(AbstractRemoteTestNG.java:115)
at org.testng.remote.RemoteTestNG.initAndRun(RemoteTestNG.java:293)
at org.testng.remote.RemoteTestNG.main(RemoteTestNG.java:91)
]]>
            </full-stacktrace>
          </exception> <!-- java.lang.NullPointerException -->
          <reporter-output>
          </reporter-output>
        </test-method> <!-- verifyTheUserIsAbleToLoginUsinginvalidCredentials -->
        <test-method is-config="true" signature="browserQuit(org.testng.ITestResult)[pri:0, instance:testscript.LoginTest@782859e]" started-at="2024-08-28T21:52:22 IST" name="browserQuit" finished-at="2024-08-28T21:52:23 IST" duration-ms="814" status="PASS">
          <params>
            <param index="0">
              <value>
                <![CDATA[[TestResult name=verifyTheUserIsAbleToLoginUsinginvalidCredentials status=FAILURE method=LoginTest.verifyTheUserIsAbleToLoginUsinginvalidCredentials()[pri:0, instance:testscript.LoginTest@782859e] output={null}]]]>
              </value>
            </param>
          </params>
          <reporter-output>
          </reporter-output>
        </test-method> <!-- browserQuit -->
        <test-method is-config="true" signature="intializeBrowser(java.lang.String)[pri:0, instance:testscript.LoginTest@782859e]" started-at="2024-08-28T21:52:23 IST" name="intializeBrowser" finished-at="2024-08-28T21:52:28 IST" duration-ms="4236" status="PASS">
          <params>
            <param index="0">
              <value>
                <![CDATA[Chrome]]>
              </value>
            </param>
          </params>
          <reporter-output>
          </reporter-output>
        </test-method> <!-- intializeBrowser -->
        <test-method signature="verifyTheUserIsAbleToLoginUsinginvalidCredentials2(java.lang.String,java.lang.String)[pri:0, instance:testscript.LoginTest@782859e]" started-at="2024-08-28T21:52:28 IST" name="verifyTheUserIsAbleToLoginUsinginvalidCredentials2" data-provider="LoginProvider" finished-at="2024-08-28T21:52:29 IST" duration-ms="1072" status="PASS">
          <params>
            <param index="0">
              <value>
                <![CDATA[qwd]]>
              </value>
            </param>
            <param index="1">
              <value>
                <![CDATA[wef]]>
              </value>
            </param>
          </params>
          <reporter-output>
          </reporter-output>
        </test-method> <!-- verifyTheUserIsAbleToLoginUsinginvalidCredentials2 -->
        <test-method is-config="true" signature="browserQuit(org.testng.ITestResult)[pri:0, instance:testscript.LoginTest@782859e]" started-at="2024-08-28T21:52:29 IST" name="browserQuit" finished-at="2024-08-28T21:52:29 IST" duration-ms="456" status="PASS">
          <params>
            <param index="0">
              <value>
                <![CDATA[[TestResult name=verifyTheUserIsAbleToLoginUsinginvalidCredentials2 status=SUCCESS method=LoginTest.verifyTheUserIsAbleToLoginUsinginvalidCredentials2(java.lang.String,java.lang.String)[pri:0, instance:testscript.LoginTest@782859e] output={null}]]]>
              </value>
            </param>
          </params>
          <reporter-output>
          </reporter-output>
        </test-method> <!-- browserQuit -->
        <test-method is-config="true" signature="intializeBrowser(java.lang.String)[pri:0, instance:testscript.LoginTest@782859e]" started-at="2024-08-28T21:52:29 IST" name="intializeBrowser" finished-at="2024-08-28T21:52:34 IST" duration-ms="5138" status="PASS">
          <params>
            <param index="0">
              <value>
                <![CDATA[Chrome]]>
              </value>
            </param>
          </params>
          <reporter-output>
          </reporter-output>
        </test-method> <!-- intializeBrowser -->
        <test-method signature="verifyTheUserIsAbleToLoginUsinginvalidCredentialss()[pri:0, instance:testscript.LoginTest@782859e]" started-at="2024-08-28T21:52:34 IST" name="verifyTheUserIsAbleToLoginUsinginvalidCredentialss" finished-at="2024-08-28T21:52:36 IST" duration-ms="1407" status="PASS">
          <reporter-output>
          </reporter-output>
        </test-method> <!-- verifyTheUserIsAbleToLoginUsinginvalidCredentialss -->
        <test-method is-config="true" signature="browserQuit(org.testng.ITestResult)[pri:0, instance:testscript.LoginTest@782859e]" started-at="2024-08-28T21:52:36 IST" name="browserQuit" finished-at="2024-08-28T21:52:36 IST" duration-ms="444" status="PASS">
          <params>
            <param index="0">
              <value>
                <![CDATA[[TestResult name=verifyTheUserIsAbleToLoginUsinginvalidCredentialss status=SUCCESS method=LoginTest.verifyTheUserIsAbleToLoginUsinginvalidCredentialss()[pri:0, instance:testscript.LoginTest@782859e] output={null}]]]>
              </value>
            </param>
          </params>
          <reporter-output>
          </reporter-output>
        </test-method> <!-- browserQuit -->
        <test-method is-config="true" signature="intializeBrowser(java.lang.String)[pri:0, instance:testscript.LoginTest@782859e]" started-at="2024-08-28T21:52:36 IST" name="intializeBrowser" finished-at="2024-08-28T21:52:41 IST" duration-ms="4702" status="PASS">
          <params>
            <param index="0">
              <value>
                <![CDATA[Chrome]]>
              </value>
            </param>
          </params>
          <reporter-output>
          </reporter-output>
        </test-method> <!-- intializeBrowser -->
        <test-method signature="verifyTheUserIsAbleToLoginUsingvalidCredentials()[pri:0, instance:testscript.LoginTest@782859e]" started-at="2024-08-28T21:52:41 IST" name="verifyTheUserIsAbleToLoginUsingvalidCredentials" finished-at="2024-08-28T21:52:42 IST" duration-ms="1431" status="PASS">
          <reporter-output>
          </reporter-output>
        </test-method> <!-- verifyTheUserIsAbleToLoginUsingvalidCredentials -->
        <test-method is-config="true" signature="browserQuit(org.testng.ITestResult)[pri:0, instance:testscript.LoginTest@782859e]" started-at="2024-08-28T21:52:42 IST" name="browserQuit" finished-at="2024-08-28T21:52:43 IST" duration-ms="510" status="PASS">
          <params>
            <param index="0">
              <value>
                <![CDATA[[TestResult name=verifyTheUserIsAbleToLoginUsingvalidCredentials status=SUCCESS method=LoginTest.verifyTheUserIsAbleToLoginUsingvalidCredentials()[pri:0, instance:testscript.LoginTest@782859e] output={null}]]]>
              </value>
            </param>
          </params>
          <reporter-output>
          </reporter-output>
        </test-method> <!-- browserQuit -->
      </class> <!-- testscript.LoginTest -->
    </test> <!-- TestNG.xml -->
  </suite> <!-- Suite -->
</testng-results>
