<?xml version="1.0" encoding="UTF-8"?>
<testng-results ignored="0" total="1" passed="1" failed="0" skipped="0">
  <reporter-output>
  </reporter-output>
  <suite started-at="2024-09-10T23:32:27 IST" name="Suite" finished-at="2024-09-10T23:32:44 IST" duration-ms="16925">
    <groups>
    </groups>
    <test started-at="2024-09-10T23:32:27 IST" name="TestNG.xml" finished-at="2024-09-10T23:32:44 IST" duration-ms="16925">
      <class name="testscript.ManageAdminUsersTest">
        <test-method is-config="true" signature="initialiseBrowser(java.lang.String)[pri:0, instance:testscript.ManageAdminUsersTest@c05fddc]" started-at="2024-09-10T23:32:27 IST" name="initialiseBrowser" finished-at="2024-09-10T23:32:39 IST" duration-ms="11695" status="PASS">
          <params>
            <param index="0">
              <value>
                <![CDATA[Chrome]]>
              </value>
            </param>
          </params>
          <reporter-output>
          </reporter-output>
        </test-method> <!-- initialiseBrowser -->
        <test-method signature="VerifyWhetherAdminCanChangeLockStatus()[pri:0, instance:testscript.ManageAdminUsersTest@c05fddc]" started-at="2024-09-10T23:32:39 IST" name="VerifyWhetherAdminCanChangeLockStatus" description="The testcase is used to verify whether user can lock and unlock the user to active and inactive state" finished-at="2024-09-10T23:32:44 IST" duration-ms="4539" status="PASS">
          <reporter-output>
          </reporter-output>
        </test-method> <!-- VerifyWhetherAdminCanChangeLockStatus -->
        <test-method is-config="true" signature="browserQuit(org.testng.ITestResult)[pri:0, instance:testscript.ManageAdminUsersTest@c05fddc]" started-at="2024-09-10T23:32:44 IST" name="browserQuit" finished-at="2024-09-10T23:32:44 IST" duration-ms="592" status="PASS">
          <params>
            <param index="0">
              <value>
                <![CDATA[[TestResult name=VerifyWhetherAdminCanChangeLockStatus status=SUCCESS method=ManageAdminUsersTest.VerifyWhetherAdminCanChangeLockStatus()[pri:0, instance:testscript.ManageAdminUsersTest@c05fddc] output={null}]]]>
              </value>
            </param>
          </params>
          <reporter-output>
          </reporter-output>
        </test-method> <!-- browserQuit -->
      </class> <!-- testscript.ManageAdminUsersTest -->
    </test> <!-- TestNG.xml -->
  </suite> <!-- Suite -->
</testng-results>
