<?xml version="1.0" encoding="UTF-8"?>
<!-- Generated by org.testng.reporters.JUnitXMLReporter -->
<testsuite ignored="0" hostname="DESKTOP-PKNTS47" failures="1" tests="7" name="TestNG.xml" time="52.695" errors="0" timestamp="2024-08-28T21:52:51 IST">
  <testcase classname="testscript.LoginTest" name="verifyTheUserIsAbleToLoginUsinginvalidCredentials" time="2.207">
    <skipped/>
  </testcase> <!-- verifyTheUserIsAbleToLoginUsinginvalidCredentials -->
  <testcase classname="testscript.LoginTest" name="verifyTheUserIsAbleToLoginUsinginvalidCredentials" time="0.461">
    <skipped/>
  </testcase> <!-- verifyTheUserIsAbleToLoginUsinginvalidCredentials -->
  <testcase classname="testscript.LoginTest" name="verifyTheUserIsAbleToLoginUsinginvalidCredentials" time="0.367">
    <failure type="java.lang.NullPointerException" message="Cannot invoke &amp;quot;org.apache.poi.ss.usermodel.Cell.getStringCellValue()&amp;quot; because &amp;quot;c&amp;quot; is null">
      <![CDATA[java.lang.NullPointerException: Cannot invoke "org.apache.poi.ss.usermodel.Cell.getStringCellValue()" because "c" is null
at utilities.ExcelUtility.getStringData(ExcelUtility.java:25)
at testscript.LoginTest.verifyTheUserIsAbleToLoginUsinginvalidCredentials(LoginTest.java:34)
at java.base/java.util.ArrayList.forEach(ArrayList.java:1511)
... Removed 27 stack frames]]>
    </failure>
  </testcase> <!-- verifyTheUserIsAbleToLoginUsinginvalidCredentials -->
  <testcase classname="testscript.LoginTest" name="verifyTheUserIsAbleToLoginUsinginvalidCredentials2" time="1.072"/>
  <testcase classname="testscript.LoginTest" name="verifyTheUserIsAbleToLoginUsinginvalidCredentialss" time="1.407"/>
  <testcase classname="testscript.LoginTest" name="verifyTheUserIsAbleToLoginUsingvalidCredentials" time="1.431"/>
  <testcase classname="testscript.ManageSubCategoryTest" name="VerifyWhetherUserIsAbleToUpdateActiveDetails" time="2.72"/>
</testsuite> <!-- TestNG.xml -->
