<?xml version="1.0" encoding="UTF-8"?>
<!-- Generated by org.testng.reporters.JUnitXMLReporter -->
<testsuite ignored="0" hostname="DESKTOP-PKNTS47" failures="1" tests="3" name="TestNG.xml" time="60.463" errors="0" timestamp="2024-09-12T00:02:28 IST">
  <testcase classname="testscript.ManageCategoryTest" name="VerifyWhetherUserIsAbleToUpdateManageCategory" time="15.726">
    <skipped/>
  </testcase> <!-- VerifyWhetherUserIsAbleToUpdateManageCategory -->
  <testcase classname="testscript.ManageCategoryTest" name="VerifyWhetherUserIsAbleToUpdateManageCategory" time="13.678">
    <skipped/>
  </testcase> <!-- VerifyWhetherUserIsAbleToUpdateManageCategory -->
  <testcase classname="testscript.ManageCategoryTest" name="VerifyWhetherUserIsAbleToUpdateManageCategory" time="13.631">
    <failure type="org.openqa.selenium.TimeoutException" message="Expected condition failed: waiting for alert to be present (tried for 10 second(s) with 500 milliseconds interval)
Build info: version: &amp;apos;4.20.0&amp;apos;, revision: &amp;apos;866c76ca80&amp;apos;
System info: os.name: &amp;apos;Windows 10&amp;apos;, os.arch: &amp;apos;amd64&amp;apos;, os.version: &amp;apos;10.0&amp;apos;, java.version: &amp;apos;17.0.10&amp;apos;
Driver info: org.openqa.selenium.chrome.ChromeDriver
Capabilities {acceptInsecureCerts: false, browserName: chrome, browserVersion: 128.0.6613.120, chrome: {chromedriverVersion: 128.0.6613.137 (fe621c5aa2d..., userDataDir: C:\Users\HP\AppData\Local\T...}, fedcm:accounts: true, goog:chromeOptions: {debuggerAddress: localhost:64457}, networkConnectionEnabled: false, pageLoadStrategy: normal, platformName: windows, proxy: Proxy(), se:cdp: ws://localhost:64457/devtoo..., se:cdpVersion: 128.0.6613.120, setWindowRect: true, strictFileInteractability: false, timeouts: {implicit: 0, pageLoad: 300000, script: 30000}, unhandledPromptBehavior: dismiss and notify, webauthn:extension:credBlob: true, webauthn:extension:largeBlob: true, webauthn:extension:minPinLength: true, webauthn:extension:prf: true, webauthn:virtualAuthenticators: true}
Session ID: 65e60aacd715f44c5f47fb92ab8e2365">
      <![CDATA[org.openqa.selenium.TimeoutException: Expected condition failed: waiting for alert to be present (tried for 10 second(s) with 500 milliseconds interval)
Build info: version: '4.20.0', revision: '866c76ca80'
System info: os.name: 'Windows 10', os.arch: 'amd64', os.version: '10.0', java.version: '17.0.10'
Driver info: org.openqa.selenium.chrome.ChromeDriver
Capabilities {acceptInsecureCerts: false, browserName: chrome, browserVersion: 128.0.6613.120, chrome: {chromedriverVersion: 128.0.6613.137 (fe621c5aa2d..., userDataDir: C:\Users\HP\AppData\Local\T...}, fedcm:accounts: true, goog:chromeOptions: {debuggerAddress: localhost:64457}, networkConnectionEnabled: false, pageLoadStrategy: normal, platformName: windows, proxy: Proxy(), se:cdp: ws://localhost:64457/devtoo..., se:cdpVersion: 128.0.6613.120, setWindowRect: true, strictFileInteractability: false, timeouts: {implicit: 0, pageLoad: 300000, script: 30000}, unhandledPromptBehavior: dismiss and notify, webauthn:extension:credBlob: true, webauthn:extension:largeBlob: true, webauthn:extension:minPinLength: true, webauthn:extension:prf: true, webauthn:virtualAuthenticators: true}
Session ID: 65e60aacd715f44c5f47fb92ab8e2365
at org.openqa.selenium.support.ui.WebDriverWait.timeoutException(WebDriverWait.java:84)
at org.openqa.selenium.support.ui.FluentWait.until(FluentWait.java:228)
at utilities.WaitUtility.waitForAlertToBeVisible(WaitUtility.java:19)
at pages.ManageCategoryPage.isAlertDisplayed(ManageCategoryPage.java:68)
at testscript.ManageCategoryTest.VerifyWhetherUserIsAbleToUpdateManageCategory(ManageCategoryTest.java:34)
at java.base/java.util.ArrayList.forEach(ArrayList.java:1511)
... Removed 27 stack frames]]>
    </failure>
  </testcase> <!-- VerifyWhetherUserIsAbleToUpdateManageCategory -->
</testsuite> <!-- TestNG.xml -->
